{
  "RSpec": {
    "coverage": {
      "/Users/ShaunMcGeever/Desktop/thedelta/app/helpers/application_helper.rb": [
        1,
        null
      ],
      "/Users/ShaunMcGeever/Desktop/thedelta/app/controllers/answers_controller.rb": [
        1,
        null,
        1,
        1,
        0,
        0,
        null,
        null,
        1,
        null,
        null,
        null,
        null,
        null,
        null,
        null,
        0,
        0,
        0,
        0,
        null,
        0,
        0,
        null,
        null,
        null,
        null,
        1,
        1,
        0,
        null,
        null,
        null,
        null,
        null
      ],
      "/Users/ShaunMcGeever/Desktop/thedelta/app/controllers/application_controller.rb": [
        1,
        null,
        null,
        null,
        null,
        null,
        1,
        1,
        null,
        1,
        18,
        null,
        null,
        null,
        null,
        null,
        null,
        1,
        null,
        24,
        10,
        null,
        null,
        null,
        null,
        null,
        1,
        0,
        null,
        null,
        1,
        0,
        0,
        null,
        null,
        1,
        0,
        0,
        0,
        null,
        null,
        null,
        1,
        0,
        0,
        0,
        0,
        null,
        0,
        null,
        null,
        null
      ],
      "/Users/ShaunMcGeever/Desktop/thedelta/app/controllers/categories_controller.rb": [
        1,
        null,
        1,
        null,
        1,
        2,
        1,
        1,
        1,
        null,
        1,
        null,
        null,
        null,
        null
      ],
      "/Users/ShaunMcGeever/Desktop/thedelta/app/controllers/languages_controller.rb": [
        1,
        1,
        1,
        null,
        null
      ],
      "/Users/ShaunMcGeever/Desktop/thedelta/app/controllers/questions_controller.rb": [
        1,
        null,
        1,
        null,
        null,
        1,
        3,
        1,
        1,
        1,
        1,
        1,
        null,
        2,
        null,
        null,
        null,
        null,
        1,
        1,
        1,
        1,
        1,
        null,
        null,
        1,
        1,
        1,
        1,
        null,
        null,
        1,
        0,
        0,
        0,
        null,
        null,
        null
      ],
      "/Users/ShaunMcGeever/Desktop/thedelta/app/controllers/users_controller.rb": [
        1,
        1,
        null,
        null,
        1,
        2,
        null,
        null,
        null,
        null,
        null,
        null,
        null,
        1,
        2,
        null,
        2,
        2,
        1,
        2,
        null,
        null,
        2,
        null,
        null,
        null,
        null,
        null,
        1,
        0,
        null,
        null,
        1,
        2,
        null,
        null,
        1,
        0,
        null,
        0,
        0,
        0,
        null,
        null,
        0,
        null,
        null,
        null,
        null,
        null,
        1,
        null,
        1,
        2,
        null,
        null,
        null
      ],
      "/Users/ShaunMcGeever/Desktop/thedelta/app/models/answer.rb": [
        1,
        1,
        1,
        null,
        null,
        1,
        1,
        1,
        1,
        null,
        null
      ],
      "/Users/ShaunMcGeever/Desktop/thedelta/app/models/category.rb": [
        1,
        1,
        null
      ],
      "/Users/ShaunMcGeever/Desktop/thedelta/app/models/comment.rb": [
        1,
        1,
        1,
        null
      ],
      "/Users/ShaunMcGeever/Desktop/thedelta/app/models/language.rb": [
        1,
        null
      ],
      "/Users/ShaunMcGeever/Desktop/thedelta/app/models/question.rb": [
        1,
        1,
        1,
        null
      ],
      "/Users/ShaunMcGeever/Desktop/thedelta/app/models/session.rb": [
        1,
        1,
        null
      ],
      "/Users/ShaunMcGeever/Desktop/thedelta/app/models/user.rb": [
        1,
        1,
        1,
        null,
        1,
        1,
        1,
        null,
        1,
        null,
        null,
        null
      ],
      "/Users/ShaunMcGeever/Desktop/thedelta/app/models/vote.rb": [
        1,
        1,
        1,
        null
      ]
    },
    "timestamp": 1401078237
  }
}
